[dotenv@17.3.1] injecting env (6) from .env -- tip: 🤖 agentic secret storage: https://dotenvx.com/as2
Registering base route at /
Registering health route at /health
Setting up Swagger at /docs...
Swagger setup complete
🚀 Server is running on port 3000
📍 API Base URL: http://localhost:3000
2026-03-02T12:05:57.233Z - GET /health - IP: ::1
Incoming request: GET /health
Health route hit
2026-03-02T12:05:57.233Z - GET /health - 200 - 36ms
2026-03-02T12:06:00.860Z - GET /docs/ - IP: ::1
Incoming request: GET /docs/
2026-03-02T12:06:00.860Z - GET /docs/ - 304 - 2ms
2026-03-02T12:06:00.935Z - GET /docs/swagger-ui.css - IP: ::1
Incoming request: GET /docs/swagger-ui.css
2026-03-02T12:06:00.935Z - GET /docs/swagger-ui.css - 304 - 1ms
2026-03-02T12:06:00.939Z - GET /docs/swagger-ui-bundle.js - IP: ::1
Incoming request: GET /docs/swagger-ui-bundle.js
2026-03-02T12:06:00.939Z - GET /docs/swagger-ui-standalone-preset.js - IP: ::1
Incoming request: GET /docs/swagger-ui-standalone-preset.js
2026-03-02T12:06:00.939Z - GET /docs/swagger-ui-bundle.js - 304 - 1ms
2026-03-02T12:06:00.939Z - GET /docs/swagger-ui-standalone-preset.js - 304 - 0ms
2026-03-02T12:06:00.941Z - GET /docs/swagger-ui-init.js - IP: ::1
Incoming request: GET /docs/swagger-ui-init.js
2026-03-02T12:06:00.941Z - GET /docs/swagger-ui-init.js - 304 - 1ms
2026-03-02T12:06:04.233Z - GET /health - IP: ::1
Incoming request: GET /health
Health route hit
2026-03-02T12:06:04.233Z - GET /health - 200 - 2ms
2026-03-02T12:06:11.757Z - GET /docs/ - IP: ::1
Incoming request: GET /docs/
2026-03-02T12:06:11.757Z - GET /docs/ - 304 - 2ms
2026-03-02T12:06:11.765Z - GET /docs/swagger-ui.css - IP: ::1
Incoming request: GET /docs/swagger-ui.css
2026-03-02T12:06:11.765Z - GET /docs/swagger-ui.css - 304 - 2ms
2026-03-02T12:06:11.768Z - GET /docs/swagger-ui-bundle.js - IP: ::1
Incoming request: GET /docs/swagger-ui-bundle.js
2026-03-02T12:06:11.769Z - GET /docs/swagger-ui-standalone-preset.js - IP: ::1
Incoming request: GET /docs/swagger-ui-standalone-preset.js
2026-03-02T12:06:11.768Z - GET /docs/swagger-ui-bundle.js - 304 - 1ms
2026-03-02T12:06:11.769Z - GET /docs/swagger-ui-standalone-preset.js - 304 - 1ms
2026-03-02T12:06:11.770Z - GET /docs/swagger-ui-init.js - IP: ::1
Incoming request: GET /docs/swagger-ui-init.js
2026-03-02T12:06:11.770Z - GET /docs/swagger-ui-init.js - 304 - 1ms
2026-03-02T14:39:26.649Z - POST /auth/login - IP: ::1
Incoming request: POST /auth/login
2026-03-02T14:39:26.649Z - POST /auth/login - 200 - 111ms
2026-03-02T14:40:21.767Z - POST /orders - IP: ::1
Incoming request: POST /orders
2026-03-02T14:40:21.767Z - POST /orders - 404 - 2ms
2026-03-02T14:40:42.162Z - GET /cart/1 - IP: ::1
Incoming request: GET /cart/1
2026-03-02T14:40:42.162Z - GET /cart/1 - 200 - 6ms
2026-03-02T14:40:57.480Z - POST /orders - IP: ::1
Incoming request: POST /orders
2026-03-02T14:40:57.480Z - POST /orders - 404 - 1ms
2026-03-02T14:41:02.507Z - POST /orders - IP: ::1
Incoming request: POST /orders
2026-03-02T14:41:02.507Z - POST /orders - 404 - 1ms
2026-03-02T14:41:06.182Z - POST /orders - IP: ::1
Incoming request: POST /orders
2026-03-02T14:41:06.182Z - POST /orders - 404 - 1ms
2026-03-02T14:41:10.208Z - POST /orders - IP: ::1
Incoming request: POST /orders
2026-03-02T14:41:10.208Z - POST /orders - 404 - 1ms
2026-03-02T14:41:15.796Z - POST /orders - IP: ::1
Incoming request: POST /orders
2026-03-02T14:41:15.796Z - POST /orders - 404 - 0ms
2026-03-02T14:41:26.285Z - POST /cart - IP: ::1
Incoming request: POST /cart
2026-03-02T14:41:26.285Z - POST /cart - 201 - 11ms
2026-03-02T14:41:35.228Z - POST /cart/1/items - IP: ::1
Incoming request: POST /cart/1/items
2026-03-02T14:41:35.228Z - POST /cart/1/items - 201 - 5ms
2026-03-02T14:41:41.682Z - GET /cart/1 - IP: ::1
Incoming request: GET /cart/1
2026-03-02T14:41:41.682Z - GET /cart/1 - 200 - 2ms
2026-03-02T14:41:50.795Z - POST /orders - IP: ::1
Incoming request: POST /orders
2026-03-02T14:41:50.795Z - POST /orders - 404 - 1ms
2026-03-02T14:42:16.692Z - POST /cart/1/checkout - IP: ::1
Incoming request: POST /cart/1/checkout
2026-03-02T14:42:16.692Z - POST /cart/1/checkout - 401 - 0ms
2026-03-02T14:42:31.264Z - POST /cart/1/checkout - IP: ::1
Incoming request: POST /cart/1/checkout
2026-03-02T14:42:31.264Z - POST /cart/1/checkout - 201 - 9ms
